<?xml version="1.0" encoding="UTF-8"?>
<!-- Generated by org.testng.reporters.JUnitReportReporter -->
<testsuite hostname="FVFHXHYBQ6LR" failures="0" tests="1" name="testNgInMaven.C1" time="0.004" errors="0" timestamp="2023-05-22T11:26:25 IST" skipped="0">
  <testcase classname="testNgInMaven.C1" name="testCase1" time="0.004"/>
  <system-out/>
</testsuite> <!-- testNgInMaven.C1 -->
