<?xml version="1.0" encoding="UTF-8"?>
<!-- Generated by org.testng.reporters.JUnitReportReporter -->
<testsuite hostname="FVFHXHYBQ6LR" failures="0" tests="2" name="testNgInMaven.Class2TC1" time="0.001" errors="0" timestamp="2023-05-10T11:39:51 IST" skipped="0">
  <testcase classname="testNgInMaven.Class2TC1" name="testCase1" time="0.001"/>
  <system-out/>
  <testcase classname="testNgInMaven.Class2TC1" name="testCase2" time="0.000"/>
  <system-out/>
</testsuite> <!-- testNgInMaven.Class2TC1 -->
